<?xml version="1.0" encoding="UTF-8"?>
<!-- Generated by org.testng.reporters.JUnitReportReporter -->
<testsuite hostname="GTAVPC" failures="0" tests="1" name="com.mumzworld.test.MumzworldTest" time="29.230" errors="0" timestamp="2025-02-13T06:01:13 GST" skipped="0">
  <testcase classname="com.mumzworld.test.MumzworldTest" name="testEcommerceFlow" time="29.230"/>
</testsuite> <!-- com.mumzworld.test.MumzworldTest -->
