<?xml version="1.0" encoding="UTF-8"?>
<!-- Generated by org.testng.reporters.JUnitReportReporter -->
<testsuite hostname="GTAVPC" failures="0" tests="1" name="com.mumzworld.test.MumzworldTest" time="48.743" errors="0" timestamp="2025-02-13T15:32:24 GST" skipped="0">
  <testcase classname="com.mumzworld.test.MumzworldTest" name="testEcommerceFlow" time="48.743"/>
</testsuite> <!-- com.mumzworld.test.MumzworldTest -->
